<?xml version="1.0" encoding="UTF-8"?>
<!-- Generated by org.testng.reporters.JUnitReportReporter -->
<testsuite hostname="DESKTOP-60USC5F" failures="0" tests="5" name="com.crm.comcast.SDET32.practise.RunTestScriptUsingTripleData" time="0.016" errors="0" timestamp="2022-03-28T16:05:25 IST" skipped="0">
  <testcase classname="com.crm.comcast.SDET32.practise.RunTestScriptUsingTripleData" name="ticketBookingTest" time="0.008"/>
  <system-out/>
  <testcase classname="com.crm.comcast.SDET32.practise.RunTestScriptUsingTripleData" name="ticketBookingTest" time="0.002"/>
  <system-out/>
  <testcase classname="com.crm.comcast.SDET32.practise.RunTestScriptUsingTripleData" name="ticketBookingTest" time="0.001"/>
  <system-out/>
  <testcase classname="com.crm.comcast.SDET32.practise.RunTestScriptUsingTripleData" name="ticketBookingTest" time="0.004"/>
  <system-out/>
  <testcase classname="com.crm.comcast.SDET32.practise.RunTestScriptUsingTripleData" name="ticketBookingTest" time="0.001"/>
  <system-out/>
</testsuite> <!-- com.crm.comcast.SDET32.practise.RunTestScriptUsingTripleData -->
