<?xml version="1.0" encoding="UTF-8"?>
<!-- Generated by org.testng.reporters.JUnitReportReporter -->
<testsuite hostname="DESKTOP-60USC5F" failures="0" tests="1" name="com.crm.comcat.SDET32.TestNg.Assigned.Test.CreateOpportunityUsingCloseLost" time="29.190" errors="0" timestamp="2022-03-31T15:06:02 IST" skipped="0">
  <testcase classname="com.crm.comcat.SDET32.TestNg.Assigned.Test.CreateOpportunityUsingCloseLost" name="CreateOpportunityUsingOrganisationCloseLost" time="29.190"/>
  <system-out/>
</testsuite> <!-- com.crm.comcat.SDET32.TestNg.Assigned.Test.CreateOpportunityUsingCloseLost -->
