<?xml version="1.0" encoding="UTF-8"?>
<!-- Generated by org.testng.reporters.JUnitReportReporter -->
<testsuite hostname="DESKTOP-60USC5F" failures="0" tests="1" name="com.crm.comcast.SDET32.practise.ScreenShotTest" time="10.180" errors="0" timestamp="2022-03-31T11:21:38 IST" skipped="0">
  <testcase classname="com.crm.comcast.SDET32.practise.ScreenShotTest" name="demoTest" time="10.180"/>
  <system-out/>
</testsuite> <!-- com.crm.comcast.SDET32.practise.ScreenShotTest -->
