<?xml version="1.0" encoding="UTF-8"?>
<!-- Generated by org.testng.reporters.JUnitReportReporter -->
<testsuite hostname="DESKTOP-60USC5F" failures="0" tests="1" name="com.crm.comcat.SDET32.Vtiger.TestNg.Assigned.Test.CreateOpportunityTest" time="33.980" errors="0" timestamp="2022-04-10T17:13:37 IST" skipped="0">
  <testcase classname="com.crm.comcat.SDET32.Vtiger.TestNg.Assigned.Test.CreateOpportunityTest" name="createOpportunityUsingOrganisation" time="33.980"/>
  <system-out/>
</testsuite> <!-- com.crm.comcat.SDET32.Vtiger.TestNg.Assigned.Test.CreateOpportunityTest -->
